c:\users\lenovo\desktop\esho ball kheli\igraphics project\igraphics project\debug\vc100.pdb
c:\users\lenovo\desktop\esho ball kheli\igraphics project\igraphics project\debug\imain.obj
c:\users\lenovo\desktop\esho ball kheli\igraphics project\debug\igraphics project.ilk
c:\users\lenovo\desktop\esho ball kheli\igraphics project\debug\igraphics project.exe
c:\users\lenovo\desktop\esho ball kheli\igraphics project\igraphics project\debug\igraphics project.exe.intermediate.manifest
c:\users\lenovo\desktop\esho ball kheli\igraphics project\debug\igraphics project.pdb
d:\poralekha\esho ball kheli\igraphics project\igraphics project\debug\vc120.pdb
d:\poralekha\esho ball kheli\igraphics project\igraphics project\debug\vc120.idb
d:\poralekha\esho ball kheli\igraphics project\igraphics project\debug\imain.obj
d:\poralekha\esho ball kheli\igraphics project\igraphics project\debug\igraphics project.vcxprojresolveassemblyreference.cache
d:\poralekha\esho ball kheli\igraphics project\igraphics project\debug\cl.command.1.tlog
d:\poralekha\esho ball kheli\igraphics project\igraphics project\debug\cl.read.1.tlog
d:\poralekha\esho ball kheli\igraphics project\igraphics project\debug\cl.write.1.tlog
d:\poralekha\esho ball kheli\igraphics project\igraphics project\debug\igraphics project.write.1.tlog
d:\poralekha\esho ball kheli\igraphics project\igraphics project\debug\link.command.1.tlog
d:\poralekha\esho ball kheli\igraphics project\igraphics project\debug\link.read.1.tlog
d:\poralekha\esho ball kheli\igraphics project\igraphics project\debug\link.write.1.tlog
d:\poralekha\esho ball kheli\igraphics project\igraphics project\debug\mt.command.1.tlog
d:\poralekha\esho ball kheli\igraphics project\igraphics project\debug\mt.read.1.tlog
d:\poralekha\esho ball kheli\igraphics project\igraphics project\debug\mt.write.1.tlog
d:\poralekha\esho ball kheli\igraphics project\igraphics project\debug\igraphics project.exe.intermediate.manifest
d:\poralekha\esho ball kheli\igraphics project\igraphics project\debug\vc100.idb
d:\poralekha\esho ball kheli\igraphics project\igraphics project\debug\vc100.pdb
d:\poralekha\esho ball kheli\igraphics project\debug\igraphics project.pdb
d:\poralekha\esho ball kheli\igraphics project\igraphics project\debug\igraphic.0bccfb46.tlog\cl.command.1.tlog
d:\poralekha\esho ball kheli\igraphics project\igraphics project\debug\igraphic.0bccfb46.tlog\cl.read.1.tlog
d:\poralekha\esho ball kheli\igraphics project\igraphics project\debug\igraphic.0bccfb46.tlog\cl.write.1.tlog
d:\poralekha\esho ball kheli\igraphics project\igraphics project\debug\igraphic.0bccfb46.tlog\link-cvtres.read.1.tlog
d:\poralekha\esho ball kheli\igraphics project\igraphics project\debug\igraphic.0bccfb46.tlog\link-cvtres.write.1.tlog
d:\poralekha\esho ball kheli\igraphics project\igraphics project\debug\igraphic.0bccfb46.tlog\link-rc.read.1.tlog
d:\poralekha\esho ball kheli\igraphics project\igraphics project\debug\igraphic.0bccfb46.tlog\link-rc.write.1.tlog
d:\poralekha\esho ball kheli\igraphics project\igraphics project\debug\igraphic.0bccfb46.tlog\link.command.1.tlog
d:\poralekha\esho ball kheli\igraphics project\igraphics project\debug\igraphic.0bccfb46.tlog\link.read.1.tlog
d:\poralekha\esho ball kheli\igraphics project\igraphics project\debug\igraphic.0bccfb46.tlog\link.write.1.tlog
